{
  "RSpec": {
    "coverage": {
      "/home/mokan/testcc/old/lib/library_system.rb": {
        "lines": [
          1,
          1,
          1,
          1,
          1,
          1,
          null,
          1,
          1,
          34,
          34,
          34,
          null,
          null,
          1,
          null,
          3,
          null,
          3,
          1,
          1,
          1,
          null,
          2,
          null,
          null,
          null,
          null,
          null,
          null,
          null,
          1,
          1,
          null,
          null,
          2,
          2,
          null,
          1,
          1,
          null,
          null,
          null,
          1,
          null,
          3,
          3,
          null,
          3,
          2,
          null,
          2,
          1,
          null,
          1,
          1,
          1,
          null,
          2,
          2,
          null,
          null,
          null,
          1,
          null,
          3,
          3,
          null,
          3,
          2,
          null,
          1,
          1,
          null,
          1,
          1,
          1,
          null,
          2,
          2,
          null,
          null,
          null,
          1,
          null,
          4,
          4,
          null,
          3,
          3,
          null,
          3,
          2,
          2,
          2,
          2,
          null,
          2,
          null,
          null,
          null,
          null,
          null,
          null,
          2,
          2,
          2,
          null,
          1,
          1,
          1,
          null,
          null,
          1,
          1,
          null,
          null,
          null,
          1,
          null,
          4,
          4,
          null,
          4,
          4,
          null,
          8,
          4,
          null,
          3,
          3,
          null,
          6,
          null,
          3,
          null,
          3,
          null,
          3,
          null,
          null,
          null,
          null,
          null,
          null,
          3,
          3,
          null,
          1,
          1,
          null,
          null,
          null,
          1,
          null,
          3,
          3,
          null,
          3,
          3,
          null,
          3,
          null,
          2,
          1,
          null,
          2,
          null,
          1,
          1,
          null,
          null,
          null,
          null,
          1,
          null,
          1,
          1,
          1,
          null,
          1,
          1,
          null,
          null,
          null,
          1,
          6,
          6,
          18,
          null,
          6,
          null,
          3,
          null,
          3,
          null,
          3,
          null,
          3,
          null,
          null,
          null,
          null,
          null,
          null,
          null,
          1,
          2,
          2,
          2,
          2,
          1,
          2,
          1,
          null,
          null,
          1,
          null,
          null,
          null,
          null,
          null,
          null,
          2,
          null,
          null,
          1,
          1,
          null,
          1,
          1,
          3,
          null,
          null,
          3,
          2,
          2,
          null,
          null,
          1,
          1,
          2,
          null,
          null,
          3,
          1,
          null,
          null,
          1,
          null,
          null,
          null,
          null,
          null,
          null,
          1,
          null,
          null,
          null,
          null,
          1,
          6,
          6,
          null,
          2,
          1,
          1,
          null,
          null,
          2,
          null,
          null,
          1,
          2,
          2,
          null,
          1,
          null,
          null,
          1,
          null,
          1,
          34,
          34,
          34,
          34,
          34,
          null,
          null,
          1,
          11,
          11,
          11,
          11,
          null,
          null,
          1,
          35,
          null,
          null,
          1,
          33,
          null,
          null,
          1,
          2,
          null,
          null,
          1,
          1,
          null,
          null,
          1,
          0,
          0,
          null,
          null,
          null,
          0,
          0,
          null,
          null,
          null,
          null,
          null,
          null,
          null
        ]
      },
      "/home/mokan/testcc/old/lib/models/book.rb": {
        "lines": [
          1,
          null,
          1,
          1,
          null,
          1,
          null,
          1,
          40,
          39,
          39,
          39,
          39,
          39,
          null,
          39,
          39,
          39,
          39,
          39,
          39,
          39,
          null,
          null,
          1,
          8,
          null,
          null,
          1,
          2,
          2,
          null,
          null,
          1,
          3,
          3,
          null,
          null,
          1,
          null,
          3,
          null,
          null,
          null,
          null,
          null,
          null,
          null,
          null,
          null,
          1,
          2,
          2,
          2,
          2,
          2,
          2,
          2,
          2,
          2,
          null,
          null,
          1,
          null,
          1,
          39,
          null,
          null
        ]
      },
      "/home/mokan/testcc/old/lib/modules/validators.rb": {
        "lines": [
          1,
          1,
          34,
          null,
          32,
          32,
          null,
          null,
          1,
          54,
          null,
          52,
          null,
          52,
          49,
          null,
          48,
          25,
          null,
          23,
          null,
          null,
          null,
          1,
          null,
          1,
          25,
          25,
          250,
          250,
          null,
          25,
          null,
          null,
          1,
          23,
          23,
          299,
          299,
          299,
          null,
          23,
          null,
          null
        ]
      },
      "/home/mokan/testcc/old/lib/models/member.rb": {
        "lines": [
          1,
          null,
          1,
          1,
          null,
          1,
          null,
          1,
          22,
          22,
          22,
          null,
          22,
          22,
          22,
          22,
          22,
          null,
          null,
          1,
          8,
          null,
          null,
          1,
          4,
          null,
          null,
          1,
          4,
          null,
          null,
          1,
          2,
          null,
          null,
          1,
          null,
          2,
          null,
          null,
          null,
          null,
          null,
          null,
          null,
          1,
          1,
          1,
          1,
          1,
          1,
          1,
          1,
          null,
          null
        ]
      },
      "/home/mokan/testcc/old/lib/models/loan.rb": {
        "lines": [
          1,
          1,
          1,
          null,
          1,
          null,
          1,
          14,
          14,
          14,
          null,
          14,
          14,
          14,
          14,
          14,
          14,
          null,
          null,
          1,
          4,
          null,
          null,
          1,
          19,
          null,
          null,
          1,
          10,
          null,
          null,
          1,
          10,
          1,
          null,
          null,
          1,
          4,
          null,
          null,
          1,
          null,
          2,
          null,
          null,
          null,
          null,
          null,
          null,
          null,
          null,
          1,
          1,
          1,
          1,
          1,
          1,
          1,
          1,
          1,
          null,
          null
        ]
      },
      "/home/mokan/testcc/old/lib/models/reservation.rb": {
        "lines": [
          1,
          1,
          null,
          1,
          null,
          1,
          9,
          9,
          9,
          null,
          9,
          9,
          9,
          9,
          9,
          9,
          null,
          null,
          1,
          2,
          null,
          null,
          1,
          8,
          null,
          null,
          1,
          0,
          null,
          null,
          1,
          null,
          2,
          null,
          null,
          null,
          null,
          null,
          null,
          null,
          null,
          1,
          1,
          1,
          1,
          1,
          1,
          1,
          1,
          1,
          null,
          null
        ]
      },
      "/home/mokan/testcc/old/lib/services/persistence_service.rb": {
        "lines": [
          1,
          1,
          null,
          1,
          1,
          null,
          1,
          1,
          1,
          1,
          null,
          1,
          17,
          17,
          null,
          null,
          1,
          2,
          null,
          null,
          1,
          5,
          3,
          null,
          2,
          null,
          null,
          1,
          1,
          null,
          null,
          1,
          1,
          1,
          null,
          2,
          null,
          null,
          1,
          1,
          null,
          null,
          1,
          1,
          1,
          null,
          2,
          null,
          null,
          1,
          1,
          null,
          null,
          1,
          1,
          1,
          null,
          2,
          null,
          null,
          1,
          2,
          2,
          null,
          2,
          null,
          2,
          8,
          6,
          null,
          null,
          null,
          2,
          null,
          null,
          1,
          null,
          1,
          17,
          null,
          null,
          1,
          17,
          68,
          7,
          null,
          null,
          null,
          null,
          1,
          null,
          5,
          null,
          1,
          null,
          null,
          null,
          1,
          null,
          8,
          null,
          7,
          6,
          null,
          5,
          null,
          1,
          null,
          1,
          null,
          null,
          null
        ]
      },
      "/home/mokan/testcc/old/lib/services/logging_service.rb": {
        "lines": [
          1,
          1,
          null,
          1,
          1,
          1,
          null,
          1,
          11,
          11,
          11,
          11,
          0,
          null,
          null,
          null,
          1,
          4,
          null,
          null,
          1,
          1,
          null,
          null,
          1,
          2,
          null,
          null,
          1,
          1,
          null,
          null,
          1,
          3,
          3,
          3,
          1,
          null,
          3,
          null,
          null,
          1,
          1,
          1,
          null,
          null,
          1,
          null,
          1,
          11,
          null,
          null
        ]
      }
    },
    "timestamp": 1756046318
  }
}
