{
  "RSpec": {
    "coverage": {
      "/home/mokan/testcc/old/lib/library_system.rb": {
        "lines": [
          1,
          1,
          1,
          1,
          1,
          1,
          null,
          1,
          1,
          34,
          34,
          34,
          null,
          null,
          1,
          null,
          3,
          null,
          3,
          1,
          1,
          1,
          null,
          2,
          null,
          null,
          null,
          null,
          null,
          null,
          null,
          1,
          1,
          null,
          null,
          2,
          2,
          null,
          1,
          1,
          null,
          null,
          null,
          1,
          null,
          3,
          3,
          null,
          3,
          2,
          null,
          2,
          1,
          null,
          1,
          1,
          1,
          null,
          2,
          2,
          null,
          null,
          null,
          1,
          null,
          3,
          3,
          null,
          3,
          2,
          null,
          1,
          1,
          null,
          1,
          1,
          1,
          null,
          2,
          2,
          null,
          null,
          null,
          1,
          null,
          4,
          4,
          null,
          3,
          3,
          null,
          3,
          2,
          2,
          2,
          2,
          null,
          2,
          null,
          null,
          null,
          null,
          null,
          null,
          2,
          2,
          2,
          null,
          1,
          1,
          1,
          null,
          null,
          1,
          1,
          null,
          null,
          null,
          1,
          null,
          4,
          4,
          null,
          4,
          4,
          null,
          8,
          4,
          null,
          3,
          3,
          null,
          3,
          3,
          null,
          6,
          null,
          3,
          null,
          3,
          null,
          null,
          null,
          null,
          null,
          null,
          3,
          3,
          null,
          1,
          1,
          null,
          null,
          null,
          1,
          null,
          3,
          3,
          null,
          3,
          3,
          null,
          3,
          null,
          2,
          1,
          null,
          2,
          null,
          1,
          1,
          null,
          null,
          null,
          null,
          1,
          null,
          1,
          1,
          1,
          null,
          1,
          1,
          null,
          null,
          null,
          1,
          6,
          6,
          18,
          null,
          6,
          null,
          3,
          null,
          3,
          null,
          3,
          null,
          3,
          null,
          null,
          null,
          null,
          null,
          null,
          null,
          1,
          2,
          2,
          2,
          2,
          1,
          2,
          1,
          null,
          null,
          1,
          null,
          null,
          null,
          null,
          null,
          null,
          2,
          null,
          null,
          1,
          1,
          null,
          1,
          1,
          3,
          null,
          null,
          3,
          2,
          2,
          null,
          null,
          1,
          1,
          2,
          null,
          null,
          3,
          1,
          null,
          null,
          1,
          null,
          null,
          null,
          null,
          null,
          null,
          1,
          null,
          null,
          null,
          null,
          1,
          6,
          6,
          null,
          2,
          1,
          1,
          null,
          null,
          2,
          null,
          null,
          1,
          2,
          2,
          null,
          1,
          null,
          null,
          1,
          null,
          1,
          34,
          34,
          34,
          34,
          34,
          null,
          null,
          1,
          11,
          11,
          11,
          11,
          null,
          null,
          1,
          35,
          null,
          null,
          1,
          33,
          null,
          null,
          1,
          2,
          null,
          null,
          1,
          1,
          null,
          null,
          1,
          0,
          0,
          null,
          null,
          null,
          0,
          0,
          null,
          null,
          null,
          null,
          null,
          null,
          null
        ]
      },
      "/home/mokan/testcc/old/lib/models/book.rb": {
        "lines": [
          1,
          null,
          1,
          1,
          null,
          1,
          null,
          1,
          61,
          59,
          57,
          56,
          54,
          53,
          null,
          52,
          52,
          52,
          52,
          52,
          52,
          52,
          null,
          null,
          1,
          14,
          null,
          null,
          1,
          6,
          5,
          null,
          null,
          1,
          5,
          4,
          null,
          null,
          1,
          null,
          7,
          null,
          null,
          null,
          null,
          null,
          null,
          null,
          null,
          null,
          1,
          4,
          4,
          4,
          4,
          4,
          4,
          4,
          4,
          4,
          null,
          null,
          1,
          null,
          1,
          56,
          null,
          null
        ]
      },
      "/home/mokan/testcc/old/lib/modules/validators.rb": {
        "lines": [
          1,
          1,
          50,
          null,
          48,
          48,
          null,
          null,
          1,
          75,
          null,
          73,
          null,
          73,
          69,
          null,
          68,
          25,
          null,
          43,
          null,
          null,
          null,
          1,
          null,
          1,
          25,
          25,
          250,
          250,
          null,
          25,
          null,
          null,
          1,
          43,
          43,
          559,
          559,
          559,
          null,
          43,
          null,
          null
        ]
      },
      "/home/mokan/testcc/old/lib/models/member.rb": {
        "lines": [
          1,
          null,
          1,
          1,
          null,
          1,
          null,
          1,
          41,
          39,
          null,
          38,
          38,
          null,
          37,
          37,
          37,
          37,
          37,
          null,
          null,
          1,
          17,
          null,
          null,
          1,
          13,
          null,
          null,
          1,
          10,
          null,
          null,
          1,
          4,
          null,
          null,
          1,
          null,
          6,
          null,
          null,
          null,
          null,
          null,
          null,
          null,
          1,
          4,
          4,
          4,
          4,
          4,
          4,
          4,
          null,
          null
        ]
      },
      "/home/mokan/testcc/old/lib/models/loan.rb": {
        "lines": [
          1,
          1,
          1,
          null,
          1,
          null,
          1,
          44,
          42,
          41,
          null,
          40,
          40,
          40,
          40,
          40,
          40,
          null,
          null,
          1,
          15,
          null,
          null,
          1,
          29,
          null,
          null,
          1,
          18,
          null,
          null,
          1,
          14,
          8,
          null,
          null,
          1,
          7,
          null,
          null,
          1,
          null,
          7,
          null,
          null,
          null,
          null,
          null,
          null,
          null,
          null,
          1,
          5,
          5,
          5,
          5,
          5,
          5,
          5,
          5,
          null,
          null
        ]
      },
      "/home/mokan/testcc/old/lib/models/reservation.rb": {
        "lines": [
          1,
          1,
          null,
          1,
          null,
          1,
          33,
          31,
          30,
          null,
          29,
          29,
          29,
          29,
          29,
          29,
          null,
          null,
          1,
          8,
          null,
          null,
          1,
          12,
          null,
          null,
          1,
          8,
          null,
          null,
          1,
          null,
          6,
          null,
          null,
          null,
          null,
          null,
          null,
          null,
          null,
          1,
          5,
          5,
          5,
          5,
          5,
          5,
          5,
          5,
          null,
          null
        ]
      },
      "/home/mokan/testcc/old/lib/services/persistence_service.rb": {
        "lines": [
          1,
          1,
          1,
          1,
          1,
          1,
          null,
          1,
          1,
          null,
          1,
          1,
          1,
          1,
          null,
          1,
          17,
          17,
          null,
          null,
          1,
          2,
          null,
          null,
          1,
          5,
          3,
          null,
          2,
          null,
          null,
          1,
          1,
          null,
          null,
          1,
          1,
          1,
          null,
          2,
          null,
          null,
          1,
          1,
          null,
          null,
          1,
          1,
          1,
          null,
          2,
          null,
          null,
          1,
          1,
          null,
          null,
          1,
          1,
          1,
          null,
          2,
          null,
          null,
          1,
          2,
          2,
          null,
          2,
          null,
          2,
          8,
          6,
          null,
          null,
          null,
          2,
          null,
          null,
          1,
          null,
          1,
          17,
          null,
          null,
          1,
          17,
          68,
          7,
          null,
          null,
          null,
          null,
          1,
          null,
          5,
          null,
          1,
          null,
          null,
          null,
          1,
          null,
          8,
          null,
          7,
          6,
          null,
          5,
          null,
          1,
          null,
          1,
          null,
          null,
          null
        ]
      },
      "/home/mokan/testcc/old/lib/services/logging_service.rb": {
        "lines": [
          1,
          1,
          null,
          1,
          1,
          1,
          null,
          1,
          10,
          10,
          10,
          10,
          0,
          null,
          null,
          null,
          1,
          4,
          null,
          null,
          1,
          1,
          null,
          null,
          1,
          2,
          null,
          null,
          1,
          1,
          null,
          null,
          1,
          3,
          3,
          3,
          1,
          null,
          3,
          null,
          null,
          1,
          1,
          1,
          null,
          null,
          1,
          null,
          1,
          10,
          null,
          null
        ]
      }
    },
    "timestamp": 1756047947
  }
}
